# JRE version: Java(TM) SE Runtime Environment (8.0_20-b26) (build 1.8.0_20-b26)
# Java VM: Java HotSpot(TM) 64-Bit Server VM (25.20-b23 mixed mode windows-amd64 compressed oops)
Heap:
 PSYoungGen      total 19968K, used 1561K [0x00000000eac00000, 0x00000000ec500000, 0x0000000100000000)
  eden space 15872K, 6% used [0x00000000eac00000,0x00000000ead0ef50,0x00000000ebb80000)
  from space 4096K, 11% used [0x00000000ec000000,0x00000000ec0774b8,0x00000000ec400000)
  to   space 4608K, 0% used [0x00000000ebb80000,0x00000000ebb80000,0x00000000ec000000)
 ParOldGen       total 44032K, used 4269K [0x00000000c0400000, 0x00000000c2f00000, 0x00000000eac00000)
  object space 44032K, 9% used [0x00000000c0400000,0x00000000c082b428,0x00000000c2f00000)
 Metaspace       used 15246K, capacity 15530K, committed 15744K, reserved 1062912K
  class space    used 1997K, capacity 2080K, committed 2176K, reserved 1048576K
GC Heap History (10 events):
Event: 61.480 GC heap before
{Heap before GC invocations=4 (full 0):
 PSYoungGen      total 18944K, used 18913K [0x00000000eac00000, 0x00000000ec100000, 0x0000000100000000)
  eden space 16384K, 100% used [0x00000000eac00000,0x00000000ebc00000,0x00000000ebc00000)
  from space 2560K, 98% used [0x00000000ebc00000,0x00000000ebe78420,0x00000000ebe80000)
  to   space 2560K, 0% used [0x00000000ebe80000,0x00000000ebe80000,0x00000000ec100000)
 ParOldGen       total 44032K, used 1739K [0x00000000c0400000, 0x00000000c2f00000, 0x00000000eac00000)
  object space 44032K, 3% used [0x00000000c0400000,0x00000000c05b2e90,0x00000000c2f00000)
 Metaspace       used 15053K, capacity 15246K, committed 15360K, reserved 1062912K
  class space    used 1985K, capacity 2038K, committed 2048K, reserved 1048576K
Event: 61.485 GC heap after
Heap after GC invocations=4 (full 0):
 PSYoungGen      total 18944K, used 2530K [0x00000000eac00000, 0x00000000ec100000, 0x0000000100000000)
  eden space 16384K, 0% used [0x00000000eac00000,0x00000000eac00000,0x00000000ebc00000)
  from space 2560K, 98% used [0x00000000ebe80000,0x00000000ec0f8978,0x00000000ec100000)
  to   space 2560K, 0% used [0x00000000ebc00000,0x00000000ebc00000,0x00000000ebe80000)
 ParOldGen       total 44032K, used 1851K [0x00000000c0400000, 0x00000000c2f00000, 0x00000000eac00000)
  object space 44032K, 4% used [0x00000000c0400000,0x00000000c05cee90,0x00000000c2f00000)
 Metaspace       used 15053K, capacity 15246K, committed 15360K, reserved 1062912K
  class space    used 1985K, capacity 2038K, committed 2048K, reserved 1048576K
}
Event: 67.883 GC heap before
{Heap before GC invocations=5 (full 0):
 PSYoungGen      total 18944K, used 18914K [0x00000000eac00000, 0x00000000ec100000, 0x0000000100000000)
  eden space 16384K, 100% used [0x00000000eac00000,0x00000000ebc00000,0x00000000ebc00000)
  from space 2560K, 98% used [0x00000000ebe80000,0x00000000ec0f8978,0x00000000ec100000)
  to   space 2560K, 0% used [0x00000000ebc00000,0x00000000ebc00000,0x00000000ebe80000)
 ParOldGen       total 44032K, used 1851K [0x00000000c0400000, 0x00000000c2f00000, 0x00000000eac00000)
  object space 44032K, 4% used [0x00000000c0400000,0x00000000c05cee90,0x00000000c2f00000)
 Metaspace       used 15091K, capacity 15306K, committed 15360K, reserved 1062912K
  class space    used 1991K, capacity 2048K, committed 2048K, reserved 1048576K
Event: 67.888 GC heap after
Heap after GC invocations=5 (full 0):
 PSYoungGen      total 18944K, used 2530K [0x00000000eac00000, 0x00000000ec400000, 0x0000000100000000)
  eden space 16384K, 0% used [0x00000000eac00000,0x00000000eac00000,0x00000000ebc00000)
  from space 2560K, 98% used [0x00000000ebc00000,0x00000000ebe78a20,0x00000000ebe80000)
  to   space 4096K, 0% used [0x00000000ec000000,0x00000000ec000000,0x00000000ec400000)
 ParOldGen       total 44032K, used 1936K [0x00000000c0400000, 0x00000000c2f00000, 0x00000000eac00000)
  object space 44032K, 4% used [0x00000000c0400000,0x00000000c05e41b8,0x00000000c2f00000)
 Metaspace       used 15091K, capacity 15306K, committed 15360K, reserved 1062912K
  class space    used 1991K, capacity 2048K, committed 2048K, reserved 1048576K
}
Event: 74.351 GC heap before
{Heap before GC invocations=6 (full 0):
 PSYoungGen      total 18944K, used 18914K [0x00000000eac00000, 0x00000000ec400000, 0x0000000100000000)
  eden space 16384K, 100% used [0x00000000eac00000,0x00000000ebc00000,0x00000000ebc00000)
  from space 2560K, 98% used [0x00000000ebc00000,0x00000000ebe78a20,0x00000000ebe80000)
  to   space 4096K, 0% used [0x00000000ec000000,0x00000000ec000000,0x00000000ec400000)
 ParOldGen       total 44032K, used 1936K [0x00000000c0400000, 0x00000000c2f00000, 0x00000000eac00000)
  object space 44032K, 4% used [0x00000000c0400000,0x00000000c05e41b8,0x00000000c2f00000)
 Metaspace       used 15091K, capacity 15306K, committed 15360K, reserved 1062912K
  class space    used 1991K, capacity 2048K, committed 2048K, reserved 1048576K
Event: 74.364 GC heap after
Heap after GC invocations=6 (full 0):
 PSYoungGen      total 19456K, used 2664K [0x00000000eac00000, 0x00000000ec300000, 0x0000000100000000)
  eden space 16384K, 0% used [0x00000000eac00000,0x00000000eac00000,0x00000000ebc00000)
  from space 3072K, 86% used [0x00000000ec000000,0x00000000ec29a010,0x00000000ec300000)
  to   space 3584K, 0% used [0x00000000ebc00000,0x00000000ebc00000,0x00000000ebf80000)
 ParOldGen       total 44032K, used 1936K [0x00000000c0400000, 0x00000000c2f00000, 0x00000000eac00000)
  object space 44032K, 4% used [0x00000000c0400000,0x00000000c05e41b8,0x00000000c2f00000)
 Metaspace       used 15091K, capacity 15306K, committed 15360K, reserved 1062912K
  class space    used 1991K, capacity 2048K, committed 2048K, reserved 1048576K
}
Event: 81.075 GC heap before
{Heap before GC invocations=7 (full 0):
 PSYoungGen      total 19456K, used 19048K [0x00000000eac00000, 0x00000000ec300000, 0x0000000100000000)
  eden space 16384K, 100% used [0x00000000eac00000,0x00000000ebc00000,0x00000000ebc00000)
  from space 3072K, 86% used [0x00000000ec000000,0x00000000ec29a010,0x00000000ec300000)
  to   space 3584K, 0% used [0x00000000ebc00000,0x00000000ebc00000,0x00000000ebf80000)
 ParOldGen       total 44032K, used 1936K [0x00000000c0400000, 0x00000000c2f00000, 0x00000000eac00000)
  object space 44032K, 4% used [0x00000000c0400000,0x00000000c05e41b8,0x00000000c2f00000)
 Metaspace       used 15091K, capacity 15306K, committed 15360K, reserved 1062912K
  class space    used 1991K, capacity 2048K, committed 2048K, reserved 1048576K
Event: 81.079 GC heap after
Heap after GC invocations=7 (full 0):
 PSYoungGen      total 19968K, used 418K [0x00000000eac00000, 0x00000000ec400000, 0x0000000100000000)
  eden space 16384K, 0% used [0x00000000eac00000,0x00000000eac00000,0x00000000ebc00000)
  from space 3584K, 11% used [0x00000000ebc00000,0x00000000ebc68ad8,0x00000000ebf80000)
  to   space 4096K, 0% used [0x00000000ec000000,0x00000000ec000000,0x00000000ec400000)
 ParOldGen       total 44032K, used 4197K [0x00000000c0400000, 0x00000000c2f00000, 0x00000000eac00000)
  object space 44032K, 9% used [0x00000000c0400000,0x00000000c0819428,0x00000000c2f00000)
 Metaspace       used 15091K, capacity 15306K, committed 15360K, reserved 1062912K
  class space    used 1991K, capacity 2048K, committed 2048K, reserved 1048576K
}
Event: 92.098 GC heap before
{Heap before GC invocations=8 (full 0):
 PSYoungGen      total 19968K, used 16802K [0x00000000eac00000, 0x00000000ec400000, 0x0000000100000000)
  eden space 16384K, 100% used [0x00000000eac00000,0x00000000ebc00000,0x00000000ebc00000)
  from space 3584K, 11% used [0x00000000ebc00000,0x00000000ebc68ad8,0x00000000ebf80000)
  to   space 4096K, 0% used [0x00000000ec000000,0x00000000ec000000,0x00000000ec400000)
 ParOldGen       total 44032K, used 4197K [0x00000000c0400000, 0x00000000c2f00000, 0x00000000eac00000)
  object space 44032K, 9% used [0x00000000c0400000,0x00000000c0819428,0x00000000c2f00000)
 Metaspace       used 15092K, capacity 15306K, committed 15360K, reserved 1062912K
  class space    used 1991K, capacity 2048K, committed 2048K, reserved 1048576K
Event: 92.101 GC heap after
Heap after GC invocations=8 (full 0):
 PSYoungGen      total 19968K, used 477K [0x00000000eac00000, 0x00000000ec500000, 0x0000000100000000)
  eden space 15872K, 0% used [0x00000000eac00000,0x00000000eac00000,0x00000000ebb80000)
  from space 4096K, 11% used [0x00000000ec000000,0x00000000ec0774b8,0x00000000ec400000)
  to   space 4608K, 0% used [0x00000000ebb80000,0x00000000ebb80000,0x00000000ec000000)
 ParOldGen       total 44032K, used 4269K [0x00000000c0400000, 0x00000000c2f00000, 0x00000000eac00000)
  object space 44032K, 9% used [0x00000000c0400000,0x00000000c082b428,0x00000000c2f00000)
 Metaspace       used 15092K, capacity 15306K, committed 15360K, reserved 1062912K
  class space    used 1991K, capacity 2048K, committed 2048K, reserved 1048576K
}

